This is pdfTeX, Version 3.1415926-2.3-1.40.12 (MiKTeX 2.9) (preloaded format=pdflatex 2012.8.22)  12 FEB 2014 11:15
entering extended mode
**LaRoche_STAT675_HW1.tex

("C:\Users\dominic\Documents\StatsGIDP\Statistics papers and courses\STAT675-St
atisticalComputing\HW1Answers\LaRoche_STAT675_HW1.tex"
LaTeX2e <2011/06/27>
Babel <v3.8m> and hyphenation patterns for english, afrikaans, ancientgreek, ar
abic, armenian, assamese, basque, bengali, bokmal, bulgarian, catalan, coptic, 
croatian, czech, danish, dutch, esperanto, estonian, farsi, finnish, french, ga
lician, german, german-x-2009-06-19, greek, gujarati, hindi, hungarian, iceland
ic, indonesian, interlingua, irish, italian, kannada, kurmanji, lao, latin, lat
vian, lithuanian, malayalam, marathi, mongolian, mongolianlmc, monogreek, ngerm
an, ngerman-x-2009-06-19, nynorsk, oriya, panjabi, pinyin, polish, portuguese, 
romanian, russian, sanskrit, serbian, slovak, slovenian, spanish, swedish, swis
sgerman, tamil, telugu, turkish, turkmen, ukenglish, ukrainian, uppersorbian, u
senglishmax, welsh, loaded.
("C:\Program Files (x86)\MiKTeX 2.9\tex\latex\base\article.cls"
Document Class: article 2007/10/19 v1.4h Standard LaTeX document class
("C:\Program Files (x86)\MiKTeX 2.9\tex\latex\base\size10.clo"
File: size10.clo 2007/10/19 v1.4h Standard LaTeX file (size option)
)
\c@part=\count79
\c@section=\count80
\c@subsection=\count81
\c@subsubsection=\count82
\c@paragraph=\count83
\c@subparagraph=\count84
\c@figure=\count85
\c@table=\count86
\abovecaptionskip=\skip41
\belowcaptionskip=\skip42
\bibindent=\dimen102
)
("C:\Program Files (x86)\MiKTeX 2.9\tex\latex\graphics\graphicx.sty"
Package: graphicx 1999/02/16 v1.0f Enhanced LaTeX Graphics (DPC,SPQR)

("C:\Program Files (x86)\MiKTeX 2.9\tex\latex\graphics\keyval.sty"
Package: keyval 1999/03/16 v1.13 key=value parser (DPC)
\KV@toks@=\toks14
)
("C:\Program Files (x86)\MiKTeX 2.9\tex\latex\graphics\graphics.sty"
Package: graphics 2009/02/05 v1.0o Standard LaTeX Graphics (DPC,SPQR)

("C:\Program Files (x86)\MiKTeX 2.9\tex\latex\graphics\trig.sty"
Package: trig 1999/03/16 v1.09 sin cos tan (DPC)
)
("C:\Program Files (x86)\MiKTeX 2.9\tex\latex\00miktex\graphics.cfg"
File: graphics.cfg 2007/01/18 v1.5 graphics configuration of teTeX/TeXLive
)
Package graphics Info: Driver file: pdftex.def on input line 91.

("C:\Program Files (x86)\MiKTeX 2.9\tex\latex\pdftex-def\pdftex.def"
File: pdftex.def 2011/05/27 v0.06d Graphics/color for pdfTeX

("C:\Program Files (x86)\MiKTeX 2.9\tex\generic\oberdiek\infwarerr.sty"
Package: infwarerr 2010/04/08 v1.3 Providing info/warning/error messages (HO)
)
("C:\Program Files (x86)\MiKTeX 2.9\tex\generic\oberdiek\ltxcmds.sty"
Package: ltxcmds 2011/11/09 v1.22 LaTeX kernel commands for general use (HO)
)
\Gread@gobject=\count87
))
\Gin@req@height=\dimen103
\Gin@req@width=\dimen104
)
("C:\Program Files (x86)\MiKTeX 2.9\tex\latex\graphics\color.sty"
Package: color 2005/11/14 v1.0j Standard LaTeX Color (DPC)

("C:\Program Files (x86)\MiKTeX 2.9\tex\latex\00miktex\color.cfg"
File: color.cfg 2007/01/18 v1.5 color configuration of teTeX/TeXLive
)
Package color Info: Driver file: pdftex.def on input line 130.
)
(C:\Users\dominic\AppData\Roaming\MiKTeX\2.9\tex\latex\framed\framed.sty
Package: framed 2011/10/22 v 0.96: framed or shaded text with page breaks
\OuterFrameSep=\skip43
\fb@frw=\dimen105
\fb@frh=\dimen106
\FrameRule=\dimen107
\FrameSep=\dimen108
)
("C:\Program Files (x86)\MiKTeX 2.9\tex\latex\base\alltt.sty"
Package: alltt 1997/06/16 v2.0g defines alltt environment
)
(C:\Users\dominic\AppData\Roaming\MiKTeX\2.9\tex\latex\preprint\fullpage.sty
Package: fullpage 1999/02/23 1.1 (PWD)
\FP@margin=\skip44
)
("C:\Program Files (x86)\MiKTeX 2.9\tex\latex\hyperref\hyperref.sty"
Package: hyperref 2012/05/13 v6.82q Hypertext links for LaTeX

("C:\Program Files (x86)\MiKTeX 2.9\tex\generic\oberdiek\hobsub-hyperref.sty"
Package: hobsub-hyperref 2012/04/25 v1.12 Bundle oberdiek, subset hyperref (HO)


("C:\Program Files (x86)\MiKTeX 2.9\tex\generic\oberdiek\hobsub-generic.sty"
Package: hobsub-generic 2012/04/25 v1.12 Bundle oberdiek, subset generic (HO)
Package: hobsub 2012/04/25 v1.12 Construct package bundles (HO)
Package hobsub Info: Skipping package `infwarerr' (already loaded).
Package hobsub Info: Skipping package `ltxcmds' (already loaded).
Package: ifluatex 2010/03/01 v1.3 Provides the ifluatex switch (HO)
Package ifluatex Info: LuaTeX not detected.
Package: ifvtex 2010/03/01 v1.5 Detect VTeX and its facilities (HO)
Package ifvtex Info: VTeX not detected.
Package: intcalc 2007/09/27 v1.1 Expandable calculations with integers (HO)
Package: ifpdf 2011/01/30 v2.3 Provides the ifpdf switch (HO)
Package ifpdf Info: pdfTeX in PDF mode is detected.
Package: etexcmds 2011/02/16 v1.5 Avoid name clashes with e-TeX commands (HO)
Package etexcmds Info: Could not find \expanded.
(etexcmds)             That can mean that you are not using pdfTeX 1.50 or
(etexcmds)             that some package has redefined \expanded.
(etexcmds)             In the latter case, load this package earlier.
Package: kvsetkeys 2012/04/25 v1.16 Key value parser (HO)
Package: kvdefinekeys 2011/04/07 v1.3 Define keys (HO)
Package: pdftexcmds 2011/11/29 v0.20 Utility functions of pdfTeX for LuaTeX (HO
)
Package pdftexcmds Info: LuaTeX not detected.
Package pdftexcmds Info: \pdf@primitive is available.
Package pdftexcmds Info: \pdf@ifprimitive is available.
Package pdftexcmds Info: \pdfdraftmode found.
Package: pdfescape 2011/11/25 v1.13 Implements pdfTeX's escape features (HO)
Package: bigintcalc 2012/04/08 v1.3 Expandable calculations on big integers (HO
)
Package: bitset 2011/01/30 v1.1 Handle bit-vector datatype (HO)
Package: uniquecounter 2011/01/30 v1.2 Provide unlimited unique counter (HO)
)
Package hobsub Info: Skipping package `hobsub' (already loaded).
Package: letltxmacro 2010/09/02 v1.4 Let assignment for LaTeX macros (HO)
Package: hopatch 2011/06/24 v1.1 Wrapper for package hooks (HO)
Package: xcolor-patch 2011/01/30 xcolor patch
Package: atveryend 2011/06/30 v1.8 Hooks at the very end of document (HO)
Package atveryend Info: \enddocument detected (standard20110627).
Package: atbegshi 2011/10/05 v1.16 At begin shipout hook (HO)
Package: refcount 2011/10/16 v3.4 Data extraction from label references (HO)
Package: hycolor 2011/01/30 v1.7 Color options for hyperref/bookmark (HO)
)
("C:\Program Files (x86)\MiKTeX 2.9\tex\generic\ifxetex\ifxetex.sty"
Package: ifxetex 2010/09/12 v0.6 Provides ifxetex conditional
)
("C:\Program Files (x86)\MiKTeX 2.9\tex\latex\oberdiek\kvoptions.sty"
Package: kvoptions 2011/06/30 v3.11 Key value format for package options (HO)
)
\@linkdim=\dimen109
\Hy@linkcounter=\count88
\Hy@pagecounter=\count89

("C:\Program Files (x86)\MiKTeX 2.9\tex\latex\hyperref\pd1enc.def"
File: pd1enc.def 2012/05/13 v6.82q Hyperref: PDFDocEncoding definition (HO)
)
\Hy@SavedSpaceFactor=\count90

("C:\Program Files (x86)\MiKTeX 2.9\tex\latex\00miktex\hyperref.cfg"
File: hyperref.cfg 2002/06/06 v1.2 hyperref configuration of TeXLive
)
Package hyperref Info: Option `colorlinks' set `true' on input line 3941.
Package hyperref Info: Hyper figures OFF on input line 4062.
Package hyperref Info: Link nesting OFF on input line 4067.
Package hyperref Info: Hyper index ON on input line 4070.
Package hyperref Info: Plain pages OFF on input line 4077.
Package hyperref Info: Backreferencing OFF on input line 4082.
Package hyperref Info: Implicit mode ON; LaTeX internals redefined.
Package hyperref Info: Bookmarks ON on input line 4300.
\c@Hy@tempcnt=\count91

("C:\Program Files (x86)\MiKTeX 2.9\tex\latex\ltxmisc\url.sty"
\Urlmuskip=\muskip10
Package: url 2006/04/12  ver 3.3  Verb mode for urls, etc.
)
LaTeX Info: Redefining \url on input line 4653.
\Fld@menulength=\count92
\Field@Width=\dimen110
\Fld@charsize=\dimen111
Package hyperref Info: Hyper figures OFF on input line 5773.
Package hyperref Info: Link nesting OFF on input line 5778.
Package hyperref Info: Hyper index ON on input line 5781.
Package hyperref Info: backreferencing OFF on input line 5788.
Package hyperref Info: Link coloring ON on input line 5791.
Package hyperref Info: Link coloring with OCG OFF on input line 5798.
Package hyperref Info: PDF/A mode OFF on input line 5803.
LaTeX Info: Redefining \ref on input line 5843.
LaTeX Info: Redefining \pageref on input line 5847.
\Hy@abspage=\count93
\c@Item=\count94
\c@Hfootnote=\count95
)

Package hyperref Message: Driver (autodetected): hpdftex.

("C:\Program Files (x86)\MiKTeX 2.9\tex\latex\hyperref\hpdftex.def"
File: hpdftex.def 2012/05/13 v6.82q Hyperref driver for pdfTeX
\Fld@listcount=\count96
\c@bookmark@seq@number=\count97

("C:\Program Files (x86)\MiKTeX 2.9\tex\latex\oberdiek\rerunfilecheck.sty"
Package: rerunfilecheck 2011/04/15 v1.7 Rerun checks for auxiliary files (HO)
Package uniquecounter Info: New unique counter `rerunfilecheck' on input line 2
82.
)
\Hy@SectionHShift=\skip45
)
(C:\Users\dominic\AppData\Roaming\MiKTeX\2.9\tex\latex\was\upgreek.sty
Package: upgreek 2003/02/12 v2.0 (WaS)
Package upgreek Info: Using Euler Roman for upright Greek on input line 31.
\symugrf@m=\mathgroup4
LaTeX Font Info:    Overwriting symbol font `ugrf@m' in version `bold'
(Font)                  U/eur/m/n --> U/eur/b/n on input line 38.
)
(C:\Users\dominic\AppData\Roaming\MiKTeX\2.9\tex\latex\upquote\upquote.sty
Package: upquote 2012/04/19 v1.3 upright-quote and grave-accent glyphs in verba
tim
)
("C:\Users\dominic\Documents\StatsGIDP\Statistics papers and courses\STAT675-St
atisticalComputing\HW1Answers\LaRoche_STAT675_HW1.aux")
LaTeX Font Info:    Checking defaults for OML/cmm/m/it on input line 58.
LaTeX Font Info:    ... okay on input line 58.
LaTeX Font Info:    Checking defaults for T1/cmr/m/n on input line 58.
LaTeX Font Info:    ... okay on input line 58.
LaTeX Font Info:    Checking defaults for OT1/cmr/m/n on input line 58.
LaTeX Font Info:    ... okay on input line 58.
LaTeX Font Info:    Checking defaults for OMS/cmsy/m/n on input line 58.
LaTeX Font Info:    ... okay on input line 58.
LaTeX Font Info:    Checking defaults for OMX/cmex/m/n on input line 58.
LaTeX Font Info:    ... okay on input line 58.
LaTeX Font Info:    Checking defaults for U/cmr/m/n on input line 58.
LaTeX Font Info:    ... okay on input line 58.
LaTeX Font Info:    Checking defaults for PD1/pdf/m/n on input line 58.
LaTeX Font Info:    ... okay on input line 58.

(C:\Users\dominic\AppData\Roaming\MiKTeX\2.9\tex\context\base\supp-pdf.mkii
[Loading MPS to PDF converter (version 2006.09.02).]
\scratchcounter=\count98
\scratchdimen=\dimen112
\scratchbox=\box26
\nofMPsegments=\count99
\nofMParguments=\count100
\everyMPshowfont=\toks15
\MPscratchCnt=\count101
\MPscratchDim=\dimen113
\MPnumerator=\count102
\makeMPintoPDFobject=\count103
\everyMPtoPDFconversion=\toks16
)
\AtBeginShipoutBox=\box27
Package hyperref Info: Link coloring ON on input line 58.
 ("C:\Program Files (x86)\MiKTeX 2.9\tex\latex\hyperref\nameref.sty"
Package: nameref 2010/04/30 v2.40 Cross-referencing by name of section

("C:\Program Files (x86)\MiKTeX 2.9\tex\generic\oberdiek\gettitlestring.sty"
Package: gettitlestring 2010/12/03 v1.4 Cleanup title references (HO)
)
\c@section@level=\count104
)
LaTeX Info: Redefining \ref on input line 58.
LaTeX Info: Redefining \pageref on input line 58.
LaTeX Info: Redefining \nameref on input line 58.

("C:\Users\dominic\Documents\StatsGIDP\Statistics papers and courses\STAT675-St
atisticalComputing\HW1Answers\LaRoche_STAT675_HW1.out")
("C:\Users\dominic\Documents\StatsGIDP\Statistics papers and courses\STAT675-St
atisticalComputing\HW1Answers\LaRoche_STAT675_HW1.out")
\@outlinefile=\write3
LaTeX Font Info:    External font `cmex10' loaded for size
(Font)              <12> on input line 60.
LaTeX Font Info:    External font `cmex10' loaded for size
(Font)              <8> on input line 60.
LaTeX Font Info:    External font `cmex10' loaded for size
(Font)              <6> on input line 60.

Underfull \hbox (badness 10000) in paragraph at lines 62--63

 []

LaTeX Font Info:    External font `cmex10' loaded for size
(Font)              <7> on input line 63.
LaTeX Font Info:    External font `cmex10' loaded for size
(Font)              <5> on input line 63.
Package color Info: Redefining color shadecolor on input line 68.
LaTeX Font Info:    Font shape `OT1/cmtt/bx/n' in size <10> not available
(Font)              Font shape `OT1/cmtt/m/n' tried instead on input line 70.
LaTeX Font Info:    Try loading font information for OMS+cmtt on input line 71.

(C:/PROGRA~1/R/R-215~1.3/share/texmf/tex/latex\omscmtt.fd
File: omscmtt.fd 
)
LaTeX Font Info:    Font shape `OMS/cmtt/m/n' in size <10> not available
(Font)              Font shape `OMS/cmsy/m/n' tried instead on input line 71.
Package color Info: Redefining color shadecolor on input line 87.

<figure/qqplot1.pdf, id=4, 505.89pt x 505.89pt>
File: figure/qqplot1.pdf Graphic file (type pdf)
 <use figure/qqplot1.pdf>
Package pdftex.def Info: figure/qqplot1.pdf used on input line 88.
(pdftex.def)             Requested size: 469.75502pt x 469.76265pt.

[1

{C:/Users/dominic/AppData/Local/MiKTeX/2.9/pdftex/config/pdftex.map}]
[2 <C:/Users/dominic/Documents/StatsGIDP/Statistics papers and courses/STAT675-
StatisticalComputing/HW1Answers/figure/qqplot1.pdf>]
Package color Info: Redefining color shadecolor on input line 100.
Package color Info: Redefining color shadecolor on input line 127.

<figure/plotPareto.pdf, id=31, 505.89pt x 505.89pt>
File: figure/plotPareto.pdf Graphic file (type pdf)

<use figure/plotPareto.pdf>
Package pdftex.def Info: figure/plotPareto.pdf used on input line 128.
(pdftex.def)             Requested size: 469.75502pt x 469.76265pt.
 [3

] [4 <C:/Users/dominic/Documents/StatsGIDP/Statistics papers and courses/STAT67
5-StatisticalComputing/HW1Answers/figure/plotPareto.pdf>]
Underfull \hbox (badness 10000) in paragraph at lines 138--140

 []

Package color Info: Redefining color shadecolor on input line 143.
Package color Info: Redefining color shadecolor on input line 172.
<figure/plotral.pdf, id=48, 505.89pt x 505.89pt>
File: figure/plotral.pdf Graphic file (type pdf)
 <use figure/plotral.pdf>
Package pdftex.def Info: figure/plotral.pdf used on input line 173.
(pdftex.def)             Requested size: 469.75502pt x 469.76265pt.

[5

] [6 <C:/Users/dominic/Documents/StatsGIDP/Statistics papers and courses/STAT67
5-StatisticalComputing/HW1Answers/figure/plotral.pdf>]

LaTeX Warning: Reference `lnorm' on page 7 undefined on input line 182.

Package color Info: Redefining color shadecolor on input line 184.
LaTeX Font Info:    Font shape `OT1/cmtt/bx/it' in size <10> not available
(Font)              Font shape `OT1/cmtt/m/it' tried instead on input line 187.

Package color Info: Redefining color shadecolor on input line 198.
<figure/lnormplot.pdf, id=65, 505.89pt x 289.08pt>
File: figure/lnormplot.pdf Graphic file (type pdf)
 <use figure/lnormplot.pdf>
Package pdftex.def Info: figure/lnormplot.pdf used on input line 199.
(pdftex.def)             Requested size: 469.75502pt x 268.43579pt.
Package color Info: Redefining color shadecolor on input line 209.

[7

 <C:/Users/dominic/Documents/StatsGIDP/Statistics papers and courses/STAT675-St
atisticalComputing/HW1Answers/figure/lnormplot.pdf>]
Package color Info: Redefining color shadecolor on input line 231.

<figure/plotek.pdf, id=79, 505.89pt x 289.08pt>
File: figure/plotek.pdf Graphic file (type pdf)
 <use figure/plotek.pdf>
Package pdftex.def Info: figure/plotek.pdf used on input line 232.
(pdftex.def)             Requested size: 469.75502pt x 268.43579pt.
Package color Info: Redefining color shadecolor on input line 242.
Package color Info: Redefining color shadecolor on input line 258.

<figure/mplot.pdf, id=81, 505.89pt x 289.08pt>
File: figure/mplot.pdf Graphic file (type pdf)
 <use figure/mplot.pdf>
Package pdftex.def Info: figure/mplot.pdf used on input line 259.
(pdftex.def)             Requested size: 469.75502pt x 268.43579pt.
Package color Info: Redefining color shadecolor on input line 269.
 [8 <C:/Users/dominic/Documents/StatsGIDP/Statistics papers and courses/STAT675
-StatisticalComputing/HW1Answers/figure/plotek.pdf>] [9 <C:/Users/dominic/Docum
ents/StatsGIDP/Statistics papers and courses/STAT675-StatisticalComputing/HW1An
swers/figure/mplot.pdf>]
Package color Info: Redefining color shadecolor on input line 281.
Package color Info: Redefining color shadecolor on input line 300.
 <figure/pplot.pdf, id=103, 505.89pt x 505.89pt>
File: figure/pplot.pdf Graphic file (type pdf)

<use figure/pplot.pdf>
Package pdftex.def Info: figure/pplot.pdf used on input line 301.
(pdftex.def)             Requested size: 469.75502pt x 469.76265pt.
Package color Info: Redefining color shadecolor on input line 311.
 [10] [11 <C:/Users/dominic/Documents/StatsGIDP/Statistics papers and courses/S
TAT675-StatisticalComputing/HW1Answers/figure/pplot.pdf>]
Package color Info: Redefining color shadecolor on input line 368.
Package color Info: Redefining color shadecolor on input line 411.
<figure/walkplot.pdf, id=119, 505.89pt x 505.89pt>
File: figure/walkplot.pdf Graphic file (type pdf)
 <use figure/walkplot.pdf>
Package pdftex.def Info: figure/walkplot.pdf used on input line 412.
(pdftex.def)             Requested size: 469.75502pt x 469.76265pt.
Package atveryend Info: Empty hook `BeforeClearDocument' on input line 420.

[12] [13 <C:/Users/dominic/Documents/StatsGIDP/Statistics papers and courses/ST
AT675-StatisticalComputing/HW1Answers/figure/walkplot.pdf>]
Package atveryend Info: Empty hook `AfterLastShipout' on input line 420.

("C:\Users\dominic\Documents\StatsGIDP\Statistics papers and courses\STAT675-St
atisticalComputing\HW1Answers\LaRoche_STAT675_HW1.aux")
Package atveryend Info: Executing hook `AtVeryEndDocument' on input line 420.
Package atveryend Info: Executing hook `AtEndAfterFileList' on input line 420.
Package rerunfilecheck Info: File `LaRoche_STAT675_HW1.out' has not changed.
(rerunfilecheck)             Checksum: D41D8CD98F00B204E9800998ECF8427E;0.


LaTeX Warning: There were undefined references.

Package atveryend Info: Empty hook `AtVeryVeryEnd' on input line 420.
 ) 
Here is how much of TeX's memory you used:
 5150 strings out of 494045
 77499 string characters out of 3145963
 169784 words of memory out of 3000000
 8378 multiletter control sequences out of 15000+200000
 9017 words of font info for 33 fonts, out of 3000000 for 9000
 715 hyphenation exceptions out of 8191
 29i,7n,21p,412b,440s stack positions out of 5000i,500n,10000p,200000b,50000s
<C:/Program Files (x86)/MiKTeX 2.9/fonts/type1/public/amsfonts/cm/cmbx10.pfb>
<C:/Program Files (x86)/MiKTeX 2.9/fonts/type1/public/amsfonts/cm/cmex10.pfb><C
:/Program Files (x86)/MiKTeX 2.9/fonts/type1/public/amsfonts/cm/cmitt10.pfb><C:
/Program Files (x86)/MiKTeX 2.9/fonts/type1/public/amsfonts/cm/cmmi10.pfb><C:/P
rogram Files (x86)/MiKTeX 2.9/fonts/type1/public/amsfonts/cm/cmmi7.pfb><C:/Prog
ram Files (x86)/MiKTeX 2.9/fonts/type1/public/amsfonts/cm/cmr10.pfb><C:/Program
 Files (x86)/MiKTeX 2.9/fonts/type1/public/amsfonts/cm/cmr12.pfb><C:/Program Fi
les (x86)/MiKTeX 2.9/fonts/type1/public/amsfonts/cm/cmr17.pfb><C:/Program Files
 (x86)/MiKTeX 2.9/fonts/type1/public/amsfonts/cm/cmr5.pfb><C:/Program Files (x8
6)/MiKTeX 2.9/fonts/type1/public/amsfonts/cm/cmr7.pfb><C:/Program Files (x86)/M
iKTeX 2.9/fonts/type1/public/amsfonts/cm/cmsy10.pfb><C:/Program Files (x86)/MiK
TeX 2.9/fonts/type1/public/amsfonts/cm/cmsy7.pfb><C:/Program Files (x86)/MiKTeX
 2.9/fonts/type1/public/amsfonts/cm/cmtt10.pfb>
Output written on LaRoche_STAT675_HW1.pdf (13 pages, 338145 bytes).
PDF statistics:
 182 PDF objects out of 1000 (max. 8388607)
 22 named destinations out of 1000 (max. 500000)
 41 words of extra memory for PDF output out of 10000 (max. 10000000)

